<?xml version="1.0" encoding="UTF-8"?>
<!-- Generated by org.testng.reporters.JUnitReportReporter -->
<testsuite hostname="DESKTOP-KJ2AQ4I" failures="0" tests="7" name="Khan_Hybrid.Khan_Acadamey" time="363.171" errors="0" timestamp="2022-12-11T22:26:54 IST" skipped="1">
  <testcase classname="Khan_Hybrid.Khan_Acadamey" name="Signin" time="49.460"/>
  <system-out/>
  <testcase classname="Khan_Hybrid.Khan_Acadamey" name="selectLanguage" time="23.034"/>
  <system-out/>
  <testcase classname="Khan_Hybrid.Khan_Acadamey" name="explore1" time="33.954"/>
  <system-out/>
  <testcase classname="Khan_Hybrid.Khan_Acadamey" name="Addbookmarks" time="49.931"/>
  <system-out/>
  <testcase classname="Khan_Hybrid.Khan_Acadamey" name="deletebookmark" time="22.541"/>
  <system-out/>
  <testcase classname="Khan_Hybrid.Khan_Acadamey" name="sharevedio1" time="184.251"/>
  <system-out/>
  <testcase classname="Khan_Hybrid.Khan_Acadamey" name="sharevedio">
    <skipped/>
  </testcase> <!-- sharevedio -->
  <system-out/>
</testsuite> <!-- Khan_Hybrid.Khan_Acadamey -->
